Added Component: Designator=J1(1844223)
Add component (AddParameter): Name = "Manufacturer"; Value = "Phoenix Contact"; VariantName = "[No Variations]"
Add component (AddParameter): Name = "Manufacturer PN"; Value = "1844223"; VariantName = "[No Variations]"
Add component (AddParameter): Name = "Vendor"; Value = "Digikey"; VariantName = "[No Variations]"
Add component (AddParameter): Name = "Vendor PN"; Value = "277-2415-ND"; VariantName = "[No Variations]"
Add component (AddParameter): Name = "VoltServer PN"; Value = "CON-00009"; VariantName = "[No Variations]"
Added Component: Designator=J2(1844223)
Add component (AddParameter): Name = "Manufacturer"; Value = "Phoenix Contact"; VariantName = "[No Variations]"
Add component (AddParameter): Name = "Manufacturer PN"; Value = "1844223"; VariantName = "[No Variations]"
Add component (AddParameter): Name = "Vendor"; Value = "Digikey"; VariantName = "[No Variations]"
Add component (AddParameter): Name = "Vendor PN"; Value = "277-2415-ND"; VariantName = "[No Variations]"
Add component (AddParameter): Name = "VoltServer PN"; Value = "CON-00009"; VariantName = "[No Variations]"
Added Component: Designator=J3(1844223)
Add component (AddParameter): Name = "Manufacturer"; Value = "Phoenix Contact"; VariantName = "[No Variations]"
Add component (AddParameter): Name = "Manufacturer PN"; Value = "1844223"; VariantName = "[No Variations]"
Add component (AddParameter): Name = "Vendor"; Value = "Digikey"; VariantName = "[No Variations]"
Add component (AddParameter): Name = "Vendor PN"; Value = "277-2415-ND"; VariantName = "[No Variations]"
Add component (AddParameter): Name = "VoltServer PN"; Value = "CON-00009"; VariantName = "[No Variations]"
Added Component: Designator=J4(EJ508A)
Add component (AddParameter): Name = "Manufacturer"; Value = "MPD"; VariantName = "[No Variations]"
Add component (AddParameter): Name = "Manufacturer PN"; Value = "EJ508A"; VariantName = "[No Variations]"
Add component (AddParameter): Name = "Vendor"; Value = "Digikey"; VariantName = "[No Variations]"
Add component (AddParameter): Name = "Vendor PN"; Value = "EJ508A-ND"; VariantName = "[No Variations]"
Added Pin To Net: NetName=NetJ1_1 Pin=J1-1
Added Pin To Net: NetName=NetJ1_1 Pin=J2-1
Added Pin To Net: NetName=NetJ1_1 Pin=J3-1
Added Pin To Net: NetName=NetJ1_1 Pin=J4-1
Added Net: Name=NetJ1_1
Added Pin To Net: NetName=NetJ1_3 Pin=J1-3
Added Pin To Net: NetName=NetJ1_3 Pin=J2-3
Added Pin To Net: NetName=NetJ1_3 Pin=J3-3
Added Pin To Net: NetName=NetJ1_3 Pin=J4-2
Added Pin To Net: NetName=NetJ1_3 Pin=J4-3
Added Net: Name=NetJ1_3
Added Class: Name=dtb220-schematic
